2024-07-06 12:38:19,897 [INFO] from play.api.db.DefaultDBApi in play-dev-mode-pekko.actor.default-dispatcher-9 - Database [default] initialized
2024-07-06 12:38:19,905 [INFO] from play.api.db.HikariCPConnectionPool in play-dev-mode-pekko.actor.default-dispatcher-9 - Creating Pool for datasource 'default'
2024-07-06 12:38:19,938 [WARN] from com.zaxxer.hikari.util.DriverDataSource in play-dev-mode-pekko.actor.default-dispatcher-9 - Registered driver with driverClassName=com.mysql.jdbc.Driver was not found, trying direct instantiation.
2024-07-06 12:38:21,346 [INFO] from play.api.http.EnabledFilters in play-dev-mode-pekko.actor.default-dispatcher-9 - Enabled Filters (see <https://www.playframework.com/documentation/latest/Filters>):

    play.filters.headers.SecurityHeadersFilter
    play.filters.hosts.AllowedHostsFilter

2024-07-06 12:38:21,455 [INFO] from play.api.Play in play-dev-mode-pekko.actor.default-dispatcher-9 - Application started (Dev) (no global state)
2024-07-06 12:39:41,883 [INFO] from play.api.db.HikariCPConnectionPool in application-pekko.actor.internal-dispatcher-2 - Shutting down connection pool.
2024-07-06 12:39:42,047 [INFO] from play.api.http.HttpErrorHandlerExceptions in play-dev-mode-pekko.actor.default-dispatcher-13 - Registering exception handler: guice-provision-exception-handler
2024-07-06 12:39:42,212 [INFO] from play.api.db.DefaultDBApi in play-dev-mode-pekko.actor.default-dispatcher-13 - Database [default] initialized
2024-07-06 12:39:42,212 [INFO] from play.api.db.HikariCPConnectionPool in play-dev-mode-pekko.actor.default-dispatcher-13 - Creating Pool for datasource 'default'
2024-07-06 12:39:42,213 [WARN] from com.zaxxer.hikari.util.DriverDataSource in play-dev-mode-pekko.actor.default-dispatcher-13 - Registered driver with driverClassName=com.mysql.jdbc.Driver was not found, trying direct instantiation.
2024-07-06 12:39:42,370 [INFO] from play.api.http.EnabledFilters in play-dev-mode-pekko.actor.default-dispatcher-13 - Enabled Filters (see <https://www.playframework.com/documentation/latest/Filters>):

    play.filters.headers.SecurityHeadersFilter
    play.filters.hosts.AllowedHostsFilter

2024-07-06 12:39:42,388 [INFO] from play.api.Play in play-dev-mode-pekko.actor.default-dispatcher-13 - Application started (Dev) (no global state)
2024-07-06 12:40:30,757 [INFO] from play.api.db.HikariCPConnectionPool in application-pekko.actor.internal-dispatcher-5 - Shutting down connection pool.
2024-07-06 12:40:30,872 [INFO] from play.api.http.HttpErrorHandlerExceptions in play-dev-mode-pekko.actor.default-dispatcher-15 - Registering exception handler: guice-provision-exception-handler
2024-07-06 12:40:30,994 [INFO] from play.api.db.DefaultDBApi in play-dev-mode-pekko.actor.default-dispatcher-15 - Database [default] initialized
2024-07-06 12:40:30,995 [INFO] from play.api.db.HikariCPConnectionPool in play-dev-mode-pekko.actor.default-dispatcher-15 - Creating Pool for datasource 'default'
2024-07-06 12:40:30,997 [WARN] from com.zaxxer.hikari.util.DriverDataSource in play-dev-mode-pekko.actor.default-dispatcher-15 - Registered driver with driverClassName=com.mysql.jdbc.Driver was not found, trying direct instantiation.
2024-07-06 12:40:31,156 [INFO] from play.api.http.EnabledFilters in play-dev-mode-pekko.actor.default-dispatcher-15 - Enabled Filters (see <https://www.playframework.com/documentation/latest/Filters>):

    play.filters.headers.SecurityHeadersFilter
    play.filters.hosts.AllowedHostsFilter

2024-07-06 12:40:31,187 [INFO] from play.api.Play in play-dev-mode-pekko.actor.default-dispatcher-15 - Application started (Dev) (no global state)
2024-07-06 12:46:09,495 [INFO] from play.api.db.HikariCPConnectionPool in application-pekko.actor.internal-dispatcher-14 - Shutting down connection pool.
2024-07-06 12:46:09,576 [INFO] from play.api.http.HttpErrorHandlerExceptions in play-dev-mode-pekko.actor.default-dispatcher-16 - Registering exception handler: guice-provision-exception-handler
2024-07-06 12:46:09,690 [INFO] from play.api.db.DefaultDBApi in play-dev-mode-pekko.actor.default-dispatcher-16 - Database [default] initialized
2024-07-06 12:46:09,691 [INFO] from play.api.db.HikariCPConnectionPool in play-dev-mode-pekko.actor.default-dispatcher-16 - Creating Pool for datasource 'default'
2024-07-06 12:46:09,692 [WARN] from com.zaxxer.hikari.util.DriverDataSource in play-dev-mode-pekko.actor.default-dispatcher-16 - Registered driver with driverClassName=com.mysql.jdbc.Driver was not found, trying direct instantiation.
2024-07-06 12:46:09,840 [INFO] from play.api.http.EnabledFilters in play-dev-mode-pekko.actor.default-dispatcher-16 - Enabled Filters (see <https://www.playframework.com/documentation/latest/Filters>):

    play.filters.headers.SecurityHeadersFilter
    play.filters.hosts.AllowedHostsFilter

2024-07-06 12:46:09,853 [INFO] from play.api.Play in play-dev-mode-pekko.actor.default-dispatcher-16 - Application started (Dev) (no global state)
2024-07-06 12:48:22,045 [INFO] from play.api.db.HikariCPConnectionPool in application-pekko.actor.internal-dispatcher-3 - Shutting down connection pool.
2024-07-06 12:48:22,129 [INFO] from play.api.http.HttpErrorHandlerExceptions in play-dev-mode-pekko.actor.default-dispatcher-16 - Registering exception handler: guice-provision-exception-handler
2024-07-06 12:48:22,223 [INFO] from play.api.db.DefaultDBApi in play-dev-mode-pekko.actor.default-dispatcher-16 - Database [default] initialized
2024-07-06 12:48:22,224 [INFO] from play.api.db.HikariCPConnectionPool in play-dev-mode-pekko.actor.default-dispatcher-16 - Creating Pool for datasource 'default'
2024-07-06 12:48:22,225 [WARN] from com.zaxxer.hikari.util.DriverDataSource in play-dev-mode-pekko.actor.default-dispatcher-16 - Registered driver with driverClassName=com.mysql.jdbc.Driver was not found, trying direct instantiation.
2024-07-06 12:48:22,349 [INFO] from play.api.http.EnabledFilters in play-dev-mode-pekko.actor.default-dispatcher-16 - Enabled Filters (see <https://www.playframework.com/documentation/latest/Filters>):

    play.filters.headers.SecurityHeadersFilter
    play.filters.hosts.AllowedHostsFilter

2024-07-06 12:48:22,358 [INFO] from play.api.Play in play-dev-mode-pekko.actor.default-dispatcher-16 - Application started (Dev) (no global state)
2024-07-06 12:50:52,250 [INFO] from play.api.db.HikariCPConnectionPool in application-pekko.actor.internal-dispatcher-3 - Shutting down connection pool.
2024-07-06 12:50:52,360 [INFO] from play.api.http.HttpErrorHandlerExceptions in play-dev-mode-pekko.actor.default-dispatcher-9 - Registering exception handler: guice-provision-exception-handler
2024-07-06 12:50:52,469 [INFO] from play.api.db.DefaultDBApi in play-dev-mode-pekko.actor.default-dispatcher-9 - Database [default] initialized
2024-07-06 12:50:52,469 [INFO] from play.api.db.HikariCPConnectionPool in play-dev-mode-pekko.actor.default-dispatcher-9 - Creating Pool for datasource 'default'
2024-07-06 12:50:52,470 [WARN] from com.zaxxer.hikari.util.DriverDataSource in play-dev-mode-pekko.actor.default-dispatcher-9 - Registered driver with driverClassName=com.mysql.jdbc.Driver was not found, trying direct instantiation.
2024-07-06 12:50:52,587 [INFO] from play.api.http.EnabledFilters in play-dev-mode-pekko.actor.default-dispatcher-9 - Enabled Filters (see <https://www.playframework.com/documentation/latest/Filters>):

    play.filters.headers.SecurityHeadersFilter
    play.filters.hosts.AllowedHostsFilter

2024-07-06 12:50:52,597 [INFO] from play.api.Play in play-dev-mode-pekko.actor.default-dispatcher-9 - Application started (Dev) (no global state)
2024-07-06 12:56:30,528 [INFO] from play.api.db.HikariCPConnectionPool in application-pekko.actor.internal-dispatcher-13 - Shutting down connection pool.
2024-07-06 12:56:30,611 [INFO] from play.api.http.HttpErrorHandlerExceptions in play-dev-mode-pekko.actor.default-dispatcher-16 - Registering exception handler: guice-provision-exception-handler
2024-07-06 12:56:30,684 [INFO] from play.api.db.DefaultDBApi in play-dev-mode-pekko.actor.default-dispatcher-16 - Database [default] initialized
2024-07-06 12:56:30,686 [INFO] from play.api.db.HikariCPConnectionPool in play-dev-mode-pekko.actor.default-dispatcher-16 - Creating Pool for datasource 'default'
2024-07-06 12:56:30,686 [WARN] from com.zaxxer.hikari.util.DriverDataSource in play-dev-mode-pekko.actor.default-dispatcher-16 - Registered driver with driverClassName=com.mysql.jdbc.Driver was not found, trying direct instantiation.
2024-07-06 12:56:30,811 [INFO] from play.api.http.EnabledFilters in play-dev-mode-pekko.actor.default-dispatcher-16 - Enabled Filters (see <https://www.playframework.com/documentation/latest/Filters>):

    play.filters.headers.SecurityHeadersFilter
    play.filters.hosts.AllowedHostsFilter

2024-07-06 12:56:30,826 [INFO] from play.api.Play in play-dev-mode-pekko.actor.default-dispatcher-16 - Application started (Dev) (no global state)
2024-07-06 12:58:33,009 [INFO] from play.api.db.HikariCPConnectionPool in application-pekko.actor.internal-dispatcher-3 - Shutting down connection pool.
2024-07-06 12:58:33,103 [INFO] from play.api.http.HttpErrorHandlerExceptions in play-dev-mode-pekko.actor.default-dispatcher-252 - Registering exception handler: guice-provision-exception-handler
2024-07-06 12:58:33,197 [INFO] from play.api.db.DefaultDBApi in play-dev-mode-pekko.actor.default-dispatcher-252 - Database [default] initialized
2024-07-06 12:58:33,197 [INFO] from play.api.db.HikariCPConnectionPool in play-dev-mode-pekko.actor.default-dispatcher-252 - Creating Pool for datasource 'default'
2024-07-06 12:58:33,198 [WARN] from com.zaxxer.hikari.util.DriverDataSource in play-dev-mode-pekko.actor.default-dispatcher-252 - Registered driver with driverClassName=com.mysql.jdbc.Driver was not found, trying direct instantiation.
2024-07-06 12:58:33,294 [INFO] from play.api.http.EnabledFilters in play-dev-mode-pekko.actor.default-dispatcher-252 - Enabled Filters (see <https://www.playframework.com/documentation/latest/Filters>):

    play.filters.headers.SecurityHeadersFilter
    play.filters.hosts.AllowedHostsFilter

2024-07-06 12:58:33,302 [INFO] from play.api.Play in play-dev-mode-pekko.actor.default-dispatcher-252 - Application started (Dev) (no global state)
2024-07-06 12:59:04,261 [INFO] from play.api.db.HikariCPConnectionPool in application-pekko.actor.internal-dispatcher-4 - Shutting down connection pool.
2024-07-06 12:59:04,349 [INFO] from play.api.http.HttpErrorHandlerExceptions in play-dev-mode-pekko.actor.default-dispatcher-16 - Registering exception handler: guice-provision-exception-handler
2024-07-06 12:59:04,437 [INFO] from play.api.db.DefaultDBApi in play-dev-mode-pekko.actor.default-dispatcher-16 - Database [default] initialized
2024-07-06 12:59:04,437 [INFO] from play.api.db.HikariCPConnectionPool in play-dev-mode-pekko.actor.default-dispatcher-16 - Creating Pool for datasource 'default'
2024-07-06 12:59:04,438 [WARN] from com.zaxxer.hikari.util.DriverDataSource in play-dev-mode-pekko.actor.default-dispatcher-16 - Registered driver with driverClassName=com.mysql.jdbc.Driver was not found, trying direct instantiation.
2024-07-06 12:59:04,539 [INFO] from play.api.http.EnabledFilters in play-dev-mode-pekko.actor.default-dispatcher-16 - Enabled Filters (see <https://www.playframework.com/documentation/latest/Filters>):

    play.filters.headers.SecurityHeadersFilter
    play.filters.hosts.AllowedHostsFilter

2024-07-06 12:59:04,547 [INFO] from play.api.Play in play-dev-mode-pekko.actor.default-dispatcher-16 - Application started (Dev) (no global state)
2024-07-06 12:59:38,285 [INFO] from play.api.db.HikariCPConnectionPool in application-pekko.actor.internal-dispatcher-2 - Shutting down connection pool.
2024-07-06 12:59:38,364 [INFO] from play.api.http.HttpErrorHandlerExceptions in play-dev-mode-pekko.actor.default-dispatcher-10 - Registering exception handler: guice-provision-exception-handler
2024-07-06 12:59:38,443 [INFO] from play.api.db.DefaultDBApi in play-dev-mode-pekko.actor.default-dispatcher-10 - Database [default] initialized
2024-07-06 12:59:38,443 [INFO] from play.api.db.HikariCPConnectionPool in play-dev-mode-pekko.actor.default-dispatcher-10 - Creating Pool for datasource 'default'
2024-07-06 12:59:38,444 [WARN] from com.zaxxer.hikari.util.DriverDataSource in play-dev-mode-pekko.actor.default-dispatcher-10 - Registered driver with driverClassName=com.mysql.jdbc.Driver was not found, trying direct instantiation.
2024-07-06 12:59:38,549 [INFO] from play.api.http.EnabledFilters in play-dev-mode-pekko.actor.default-dispatcher-10 - Enabled Filters (see <https://www.playframework.com/documentation/latest/Filters>):

    play.filters.headers.SecurityHeadersFilter
    play.filters.hosts.AllowedHostsFilter

2024-07-06 12:59:38,557 [INFO] from play.api.Play in play-dev-mode-pekko.actor.default-dispatcher-10 - Application started (Dev) (no global state)
2024-07-06 13:00:37,150 [INFO] from play.api.db.HikariCPConnectionPool in application-pekko.actor.internal-dispatcher-4 - Shutting down connection pool.
2024-07-06 13:00:37,256 [INFO] from play.api.http.HttpErrorHandlerExceptions in play-dev-mode-pekko.actor.default-dispatcher-16 - Registering exception handler: guice-provision-exception-handler
2024-07-06 13:00:37,341 [INFO] from play.api.db.DefaultDBApi in play-dev-mode-pekko.actor.default-dispatcher-16 - Database [default] initialized
2024-07-06 13:00:37,341 [INFO] from play.api.db.HikariCPConnectionPool in play-dev-mode-pekko.actor.default-dispatcher-16 - Creating Pool for datasource 'default'
2024-07-06 13:00:37,341 [WARN] from com.zaxxer.hikari.util.DriverDataSource in play-dev-mode-pekko.actor.default-dispatcher-16 - Registered driver with driverClassName=com.mysql.jdbc.Driver was not found, trying direct instantiation.
2024-07-06 13:00:37,452 [INFO] from play.api.http.EnabledFilters in play-dev-mode-pekko.actor.default-dispatcher-16 - Enabled Filters (see <https://www.playframework.com/documentation/latest/Filters>):

    play.filters.headers.SecurityHeadersFilter
    play.filters.hosts.AllowedHostsFilter

2024-07-06 13:00:37,461 [INFO] from play.api.Play in play-dev-mode-pekko.actor.default-dispatcher-16 - Application started (Dev) (no global state)
2024-07-06 13:02:39,326 [INFO] from play.api.db.HikariCPConnectionPool in application-pekko.actor.internal-dispatcher-3 - Shutting down connection pool.
2024-07-06 13:02:39,449 [INFO] from play.api.http.HttpErrorHandlerExceptions in play-dev-mode-pekko.actor.default-dispatcher-132 - Registering exception handler: guice-provision-exception-handler
2024-07-06 13:02:39,547 [INFO] from play.api.db.DefaultDBApi in play-dev-mode-pekko.actor.default-dispatcher-132 - Database [default] initialized
2024-07-06 13:02:39,547 [INFO] from play.api.db.HikariCPConnectionPool in play-dev-mode-pekko.actor.default-dispatcher-132 - Creating Pool for datasource 'default'
2024-07-06 13:02:39,548 [WARN] from com.zaxxer.hikari.util.DriverDataSource in play-dev-mode-pekko.actor.default-dispatcher-132 - Registered driver with driverClassName=com.mysql.jdbc.Driver was not found, trying direct instantiation.
2024-07-06 13:02:39,646 [INFO] from play.api.http.EnabledFilters in play-dev-mode-pekko.actor.default-dispatcher-132 - Enabled Filters (see <https://www.playframework.com/documentation/latest/Filters>):

    play.filters.headers.SecurityHeadersFilter
    play.filters.hosts.AllowedHostsFilter

2024-07-06 13:02:39,652 [INFO] from play.api.Play in play-dev-mode-pekko.actor.default-dispatcher-132 - Application started (Dev) (no global state)
2024-07-06 13:02:56,285 [INFO] from play.api.db.HikariCPConnectionPool in application-pekko.actor.internal-dispatcher-4 - Shutting down connection pool.
2024-07-06 13:02:56,367 [INFO] from play.api.http.HttpErrorHandlerExceptions in play-dev-mode-pekko.actor.default-dispatcher-132 - Registering exception handler: guice-provision-exception-handler
2024-07-06 13:02:56,438 [INFO] from play.api.db.DefaultDBApi in play-dev-mode-pekko.actor.default-dispatcher-132 - Database [default] initialized
2024-07-06 13:02:56,439 [INFO] from play.api.db.HikariCPConnectionPool in play-dev-mode-pekko.actor.default-dispatcher-132 - Creating Pool for datasource 'default'
2024-07-06 13:02:56,439 [WARN] from com.zaxxer.hikari.util.DriverDataSource in play-dev-mode-pekko.actor.default-dispatcher-132 - Registered driver with driverClassName=com.mysql.jdbc.Driver was not found, trying direct instantiation.
2024-07-06 13:02:56,529 [INFO] from play.api.http.EnabledFilters in play-dev-mode-pekko.actor.default-dispatcher-132 - Enabled Filters (see <https://www.playframework.com/documentation/latest/Filters>):

    play.filters.headers.SecurityHeadersFilter
    play.filters.hosts.AllowedHostsFilter

2024-07-06 13:02:56,536 [INFO] from play.api.Play in play-dev-mode-pekko.actor.default-dispatcher-132 - Application started (Dev) (no global state)
2024-07-06 13:03:53,111 [INFO] from play.api.db.HikariCPConnectionPool in application-pekko.actor.internal-dispatcher-4 - Shutting down connection pool.
2024-07-06 13:03:53,206 [INFO] from play.api.http.HttpErrorHandlerExceptions in play-dev-mode-pekko.actor.default-dispatcher-132 - Registering exception handler: guice-provision-exception-handler
2024-07-06 13:03:53,290 [INFO] from play.api.db.DefaultDBApi in play-dev-mode-pekko.actor.default-dispatcher-132 - Database [default] initialized
2024-07-06 13:03:53,290 [INFO] from play.api.db.HikariCPConnectionPool in play-dev-mode-pekko.actor.default-dispatcher-132 - Creating Pool for datasource 'default'
2024-07-06 13:03:53,291 [WARN] from com.zaxxer.hikari.util.DriverDataSource in play-dev-mode-pekko.actor.default-dispatcher-132 - Registered driver with driverClassName=com.mysql.jdbc.Driver was not found, trying direct instantiation.
2024-07-06 13:03:53,391 [INFO] from play.api.http.EnabledFilters in play-dev-mode-pekko.actor.default-dispatcher-132 - Enabled Filters (see <https://www.playframework.com/documentation/latest/Filters>):

    play.filters.headers.SecurityHeadersFilter
    play.filters.hosts.AllowedHostsFilter

2024-07-06 13:03:53,397 [INFO] from play.api.Play in play-dev-mode-pekko.actor.default-dispatcher-132 - Application started (Dev) (no global state)
2024-07-06 13:04:53,838 [INFO] from play.api.db.HikariCPConnectionPool in application-pekko.actor.internal-dispatcher-3 - Shutting down connection pool.
2024-07-06 13:04:53,939 [INFO] from play.api.http.HttpErrorHandlerExceptions in play-dev-mode-pekko.actor.default-dispatcher-252 - Registering exception handler: guice-provision-exception-handler
2024-07-06 13:04:54,014 [INFO] from play.api.db.DefaultDBApi in play-dev-mode-pekko.actor.default-dispatcher-252 - Database [default] initialized
2024-07-06 13:04:54,014 [INFO] from play.api.db.HikariCPConnectionPool in play-dev-mode-pekko.actor.default-dispatcher-252 - Creating Pool for datasource 'default'
2024-07-06 13:04:54,015 [WARN] from com.zaxxer.hikari.util.DriverDataSource in play-dev-mode-pekko.actor.default-dispatcher-252 - Registered driver with driverClassName=com.mysql.jdbc.Driver was not found, trying direct instantiation.
2024-07-06 13:04:54,086 [INFO] from play.api.http.EnabledFilters in play-dev-mode-pekko.actor.default-dispatcher-252 - Enabled Filters (see <https://www.playframework.com/documentation/latest/Filters>):

    play.filters.headers.SecurityHeadersFilter
    play.filters.hosts.AllowedHostsFilter

2024-07-06 13:04:54,091 [INFO] from play.api.Play in play-dev-mode-pekko.actor.default-dispatcher-252 - Application started (Dev) (no global state)
2024-07-06 13:06:00,329 [INFO] from play.api.db.HikariCPConnectionPool in application-pekko.actor.internal-dispatcher-4 - Shutting down connection pool.
2024-07-06 13:06:00,422 [INFO] from play.api.http.HttpErrorHandlerExceptions in play-dev-mode-pekko.actor.default-dispatcher-251 - Registering exception handler: guice-provision-exception-handler
2024-07-06 13:06:00,550 [INFO] from play.api.db.DefaultDBApi in play-dev-mode-pekko.actor.default-dispatcher-251 - Database [default] initialized
2024-07-06 13:06:00,552 [INFO] from play.api.db.HikariCPConnectionPool in play-dev-mode-pekko.actor.default-dispatcher-251 - Creating Pool for datasource 'default'
2024-07-06 13:06:00,553 [WARN] from com.zaxxer.hikari.util.DriverDataSource in play-dev-mode-pekko.actor.default-dispatcher-251 - Registered driver with driverClassName=com.mysql.jdbc.Driver was not found, trying direct instantiation.
2024-07-06 13:06:00,706 [INFO] from play.api.http.EnabledFilters in play-dev-mode-pekko.actor.default-dispatcher-251 - Enabled Filters (see <https://www.playframework.com/documentation/latest/Filters>):

    play.filters.headers.SecurityHeadersFilter
    play.filters.hosts.AllowedHostsFilter

2024-07-06 13:06:00,710 [INFO] from play.api.Play in play-dev-mode-pekko.actor.default-dispatcher-251 - Application started (Dev) (no global state)
2024-07-06 13:06:53,218 [INFO] from play.api.db.HikariCPConnectionPool in application-pekko.actor.internal-dispatcher-2 - Shutting down connection pool.
2024-07-06 13:06:53,298 [INFO] from play.api.http.HttpErrorHandlerExceptions in play-dev-mode-pekko.actor.default-dispatcher-16 - Registering exception handler: guice-provision-exception-handler
2024-07-06 13:06:53,350 [INFO] from play.api.db.DefaultDBApi in play-dev-mode-pekko.actor.default-dispatcher-16 - Database [default] initialized
2024-07-06 13:06:53,350 [INFO] from play.api.db.HikariCPConnectionPool in play-dev-mode-pekko.actor.default-dispatcher-16 - Creating Pool for datasource 'default'
2024-07-06 13:06:53,350 [WARN] from com.zaxxer.hikari.util.DriverDataSource in play-dev-mode-pekko.actor.default-dispatcher-16 - Registered driver with driverClassName=com.mysql.jdbc.Driver was not found, trying direct instantiation.
2024-07-06 13:06:53,447 [INFO] from play.api.http.EnabledFilters in play-dev-mode-pekko.actor.default-dispatcher-16 - Enabled Filters (see <https://www.playframework.com/documentation/latest/Filters>):

    play.filters.headers.SecurityHeadersFilter
    play.filters.hosts.AllowedHostsFilter

2024-07-06 13:06:53,453 [INFO] from play.api.Play in play-dev-mode-pekko.actor.default-dispatcher-16 - Application started (Dev) (no global state)
2024-07-06 13:14:59,131 [INFO] from play.api.db.HikariCPConnectionPool in application-pekko.actor.internal-dispatcher-17 - Shutting down connection pool.
2024-07-06 13:14:59,199 [INFO] from play.api.http.HttpErrorHandlerExceptions in play-dev-mode-pekko.actor.default-dispatcher-10 - Registering exception handler: guice-provision-exception-handler
2024-07-06 13:14:59,297 [INFO] from play.api.db.DefaultDBApi in play-dev-mode-pekko.actor.default-dispatcher-10 - Database [default] initialized
2024-07-06 13:14:59,297 [INFO] from play.api.db.HikariCPConnectionPool in play-dev-mode-pekko.actor.default-dispatcher-10 - Creating Pool for datasource 'default'
2024-07-06 13:14:59,298 [WARN] from com.zaxxer.hikari.util.DriverDataSource in play-dev-mode-pekko.actor.default-dispatcher-10 - Registered driver with driverClassName=com.mysql.jdbc.Driver was not found, trying direct instantiation.
2024-07-06 13:14:59,367 [INFO] from play.api.http.EnabledFilters in play-dev-mode-pekko.actor.default-dispatcher-10 - Enabled Filters (see <https://www.playframework.com/documentation/latest/Filters>):

    play.filters.headers.SecurityHeadersFilter
    play.filters.hosts.AllowedHostsFilter

2024-07-06 13:14:59,371 [INFO] from play.api.Play in play-dev-mode-pekko.actor.default-dispatcher-10 - Application started (Dev) (no global state)
2024-07-06 13:16:41,901 [INFO] from play.api.db.HikariCPConnectionPool in application-pekko.actor.internal-dispatcher-2 - Shutting down connection pool.
2024-07-06 13:16:41,998 [INFO] from play.api.http.HttpErrorHandlerExceptions in play-dev-mode-pekko.actor.default-dispatcher-498 - Registering exception handler: guice-provision-exception-handler
2024-07-06 13:16:42,068 [INFO] from play.api.db.DefaultDBApi in play-dev-mode-pekko.actor.default-dispatcher-498 - Database [default] initialized
2024-07-06 13:16:42,068 [INFO] from play.api.db.HikariCPConnectionPool in play-dev-mode-pekko.actor.default-dispatcher-498 - Creating Pool for datasource 'default'
2024-07-06 13:16:42,069 [WARN] from com.zaxxer.hikari.util.DriverDataSource in play-dev-mode-pekko.actor.default-dispatcher-498 - Registered driver with driverClassName=com.mysql.jdbc.Driver was not found, trying direct instantiation.
2024-07-06 13:16:42,157 [INFO] from play.api.http.EnabledFilters in play-dev-mode-pekko.actor.default-dispatcher-498 - Enabled Filters (see <https://www.playframework.com/documentation/latest/Filters>):

    play.filters.headers.SecurityHeadersFilter
    play.filters.hosts.AllowedHostsFilter

2024-07-06 13:16:42,165 [INFO] from play.api.Play in play-dev-mode-pekko.actor.default-dispatcher-498 - Application started (Dev) (no global state)
2024-07-06 13:23:30,488 [INFO] from play.api.db.HikariCPConnectionPool in application-pekko.actor.internal-dispatcher-13 - Shutting down connection pool.
2024-07-06 13:23:30,553 [INFO] from play.api.http.HttpErrorHandlerExceptions in play-dev-mode-pekko.actor.default-dispatcher-252 - Registering exception handler: guice-provision-exception-handler
2024-07-06 13:23:30,614 [INFO] from play.api.db.DefaultDBApi in play-dev-mode-pekko.actor.default-dispatcher-252 - Database [default] initialized
2024-07-06 13:23:30,614 [INFO] from play.api.db.HikariCPConnectionPool in play-dev-mode-pekko.actor.default-dispatcher-252 - Creating Pool for datasource 'default'
2024-07-06 13:23:30,615 [WARN] from com.zaxxer.hikari.util.DriverDataSource in play-dev-mode-pekko.actor.default-dispatcher-252 - Registered driver with driverClassName=com.mysql.jdbc.Driver was not found, trying direct instantiation.
2024-07-06 13:23:30,678 [INFO] from play.api.http.EnabledFilters in play-dev-mode-pekko.actor.default-dispatcher-252 - Enabled Filters (see <https://www.playframework.com/documentation/latest/Filters>):

    play.filters.headers.SecurityHeadersFilter
    play.filters.hosts.AllowedHostsFilter

2024-07-06 13:23:30,682 [INFO] from play.api.Play in play-dev-mode-pekko.actor.default-dispatcher-252 - Application started (Dev) (no global state)
2024-07-06 13:27:11,924 [ERROR] from play.api.http.DevHttpErrorHandler in play-dev-mode-pekko.actor.default-dispatcher-616 - 

! @864ii5j16 - Internal server error, for (GET) [/schedule] ->
 
play.sbt.PlayExceptions$CompilationException: Compilation error[Expected '}' but found '@']
	at play.sbt.PlayExceptions$CompilationException$.apply(PlayExceptions.scala:28)
	at play.sbt.PlayExceptions$CompilationException$.apply(PlayExceptions.scala:28)
	at scala.Option.map(Option.scala:230)
	at play.sbt.run.PlayReload$.$anonfun$taskFailureHandler$8(PlayReload.scala:119)
	at scala.Option.map(Option.scala:230)
	at play.sbt.run.PlayReload$.taskFailureHandler(PlayReload.scala:92)
	at play.sbt.run.PlayReload$.$anonfun$compile$3(PlayReload.scala:144)
	at scala.util.Either$LeftProjection.map(Either.scala:573)
	at play.sbt.run.PlayReload$.compile(PlayReload.scala:144)
	at sbt.PlayRun$.$anonfun$playRunTask$5(PlayRun.scala:99)
	at play.runsupport.Reloader.$anonfun$reload$1(Reloader.scala:493)
	at play.runsupport.Reloader$$anon$1.run(Reloader.scala:58)
	at java.base/java.security.AccessController.doPrivileged(AccessController.java:399)
	at play.runsupport.Reloader$.play$runsupport$Reloader$$withReloaderContextClassLoader(Reloader.scala:64)
	at play.runsupport.Reloader.reload(Reloader.scala:493)
	at play.core.server.DevServerStart$DevServerApplicationProvider$1.get(DevServerStart.scala:189)
	at play.core.server.PekkoHttpServer.handleRequest(PekkoHttpServer.scala:320)
	at play.core.server.PekkoHttpServer.$anonfun$createServerBinding$1(PekkoHttpServer.scala:224)
	at org.apache.pekko.stream.impl.fusing.MapAsync$$anon$30.onPush(Ops.scala:1322)
	at org.apache.pekko.stream.impl.fusing.GraphInterpreter.processPush(GraphInterpreter.scala:555)
	at org.apache.pekko.stream.impl.fusing.GraphInterpreter.processEvent(GraphInterpreter.scala:506)
	at org.apache.pekko.stream.impl.fusing.GraphInterpreter.execute(GraphInterpreter.scala:400)
	at org.apache.pekko.stream.impl.fusing.GraphInterpreterShell.runBatch(ActorGraphInterpreter.scala:662)
	at org.apache.pekko.stream.impl.fusing.GraphInterpreterShell$AsyncInput.execute(ActorGraphInterpreter.scala:532)
	at org.apache.pekko.stream.impl.fusing.GraphInterpreterShell.processEvent(ActorGraphInterpreter.scala:637)
	at org.apache.pekko.stream.impl.fusing.ActorGraphInterpreter.org$apache$pekko$stream$impl$fusing$ActorGraphInterpreter$$processEvent(ActorGraphInterpreter.scala:813)
	at org.apache.pekko.stream.impl.fusing.ActorGraphInterpreter$$anonfun$receive$1.applyOrElse(ActorGraphInterpreter.scala:831)
	at org.apache.pekko.actor.Actor.aroundReceive(Actor.scala:547)
	at org.apache.pekko.actor.Actor.aroundReceive$(Actor.scala:545)
	at org.apache.pekko.stream.impl.fusing.ActorGraphInterpreter.aroundReceive(ActorGraphInterpreter.scala:729)
	at org.apache.pekko.actor.ActorCell.receiveMessage(ActorCell.scala:590)
	at org.apache.pekko.actor.ActorCell.invoke(ActorCell.scala:557)
	at org.apache.pekko.dispatch.Mailbox.processMailbox(Mailbox.scala:280)
	at org.apache.pekko.dispatch.Mailbox.run(Mailbox.scala:241)
	at org.apache.pekko.dispatch.Mailbox.exec(Mailbox.scala:253)
	at java.base/java.util.concurrent.ForkJoinTask.doExec(ForkJoinTask.java:373)
	at java.base/java.util.concurrent.ForkJoinPool$WorkQueue.topLevelExec(ForkJoinPool.java:1182)
	at java.base/java.util.concurrent.ForkJoinPool.scan(ForkJoinPool.java:1655)
	at java.base/java.util.concurrent.ForkJoinPool.runWorker(ForkJoinPool.java:1622)
	at java.base/java.util.concurrent.ForkJoinWorkerThread.run(ForkJoinWorkerThread.java:165)
2024-07-06 13:27:28,828 [INFO] from play.api.db.HikariCPConnectionPool in application-pekko.actor.internal-dispatcher-14 - Shutting down connection pool.
2024-07-06 13:27:28,902 [INFO] from play.api.http.HttpErrorHandlerExceptions in play-dev-mode-pekko.actor.default-dispatcher-616 - Registering exception handler: guice-provision-exception-handler
2024-07-06 13:27:28,977 [INFO] from play.api.db.DefaultDBApi in play-dev-mode-pekko.actor.default-dispatcher-616 - Database [default] initialized
2024-07-06 13:27:28,978 [INFO] from play.api.db.HikariCPConnectionPool in play-dev-mode-pekko.actor.default-dispatcher-616 - Creating Pool for datasource 'default'
2024-07-06 13:27:28,978 [WARN] from com.zaxxer.hikari.util.DriverDataSource in play-dev-mode-pekko.actor.default-dispatcher-616 - Registered driver with driverClassName=com.mysql.jdbc.Driver was not found, trying direct instantiation.
2024-07-06 13:27:29,069 [INFO] from play.api.http.EnabledFilters in play-dev-mode-pekko.actor.default-dispatcher-616 - Enabled Filters (see <https://www.playframework.com/documentation/latest/Filters>):

    play.filters.headers.SecurityHeadersFilter
    play.filters.hosts.AllowedHostsFilter

2024-07-06 13:27:29,075 [INFO] from play.api.Play in play-dev-mode-pekko.actor.default-dispatcher-616 - Application started (Dev) (no global state)
2024-07-06 13:29:33,619 [INFO] from play.api.db.HikariCPConnectionPool in application-pekko.actor.internal-dispatcher-12 - Shutting down connection pool.
2024-07-06 13:29:33,680 [INFO] from play.api.http.HttpErrorHandlerExceptions in play-dev-mode-pekko.actor.default-dispatcher-618 - Registering exception handler: guice-provision-exception-handler
2024-07-06 13:29:33,736 [INFO] from play.api.db.DefaultDBApi in play-dev-mode-pekko.actor.default-dispatcher-618 - Database [default] initialized
2024-07-06 13:29:33,736 [INFO] from play.api.db.HikariCPConnectionPool in play-dev-mode-pekko.actor.default-dispatcher-618 - Creating Pool for datasource 'default'
2024-07-06 13:29:33,736 [WARN] from com.zaxxer.hikari.util.DriverDataSource in play-dev-mode-pekko.actor.default-dispatcher-618 - Registered driver with driverClassName=com.mysql.jdbc.Driver was not found, trying direct instantiation.
2024-07-06 13:29:33,839 [INFO] from play.api.http.EnabledFilters in play-dev-mode-pekko.actor.default-dispatcher-618 - Enabled Filters (see <https://www.playframework.com/documentation/latest/Filters>):

    play.filters.headers.SecurityHeadersFilter
    play.filters.hosts.AllowedHostsFilter

2024-07-06 13:29:33,847 [INFO] from play.api.Play in play-dev-mode-pekko.actor.default-dispatcher-618 - Application started (Dev) (no global state)
2024-07-06 13:33:05,705 [INFO] from play.api.db.HikariCPConnectionPool in application-pekko.actor.internal-dispatcher-13 - Shutting down connection pool.
2024-07-06 13:33:05,777 [INFO] from play.api.http.HttpErrorHandlerExceptions in play-dev-mode-pekko.actor.default-dispatcher-616 - Registering exception handler: guice-provision-exception-handler
2024-07-06 13:33:05,838 [INFO] from play.api.db.DefaultDBApi in play-dev-mode-pekko.actor.default-dispatcher-616 - Database [default] initialized
2024-07-06 13:33:05,838 [INFO] from play.api.db.HikariCPConnectionPool in play-dev-mode-pekko.actor.default-dispatcher-616 - Creating Pool for datasource 'default'
2024-07-06 13:33:05,839 [WARN] from com.zaxxer.hikari.util.DriverDataSource in play-dev-mode-pekko.actor.default-dispatcher-616 - Registered driver with driverClassName=com.mysql.jdbc.Driver was not found, trying direct instantiation.
2024-07-06 13:33:05,933 [INFO] from play.api.http.EnabledFilters in play-dev-mode-pekko.actor.default-dispatcher-616 - Enabled Filters (see <https://www.playframework.com/documentation/latest/Filters>):

    play.filters.headers.SecurityHeadersFilter
    play.filters.hosts.AllowedHostsFilter

2024-07-06 13:33:05,938 [INFO] from play.api.Play in play-dev-mode-pekko.actor.default-dispatcher-616 - Application started (Dev) (no global state)
2024-07-06 13:34:05,514 [INFO] from play.api.db.HikariCPConnectionPool in application-pekko.actor.internal-dispatcher-3 - Shutting down connection pool.
2024-07-06 13:34:05,590 [INFO] from play.api.http.HttpErrorHandlerExceptions in play-dev-mode-pekko.actor.default-dispatcher-723 - Registering exception handler: guice-provision-exception-handler
2024-07-06 13:34:05,686 [INFO] from play.api.db.DefaultDBApi in play-dev-mode-pekko.actor.default-dispatcher-723 - Database [default] initialized
2024-07-06 13:34:05,686 [INFO] from play.api.db.HikariCPConnectionPool in play-dev-mode-pekko.actor.default-dispatcher-723 - Creating Pool for datasource 'default'
2024-07-06 13:34:05,686 [WARN] from com.zaxxer.hikari.util.DriverDataSource in play-dev-mode-pekko.actor.default-dispatcher-723 - Registered driver with driverClassName=com.mysql.jdbc.Driver was not found, trying direct instantiation.
2024-07-06 13:34:05,764 [INFO] from play.api.http.EnabledFilters in play-dev-mode-pekko.actor.default-dispatcher-723 - Enabled Filters (see <https://www.playframework.com/documentation/latest/Filters>):

    play.filters.headers.SecurityHeadersFilter
    play.filters.hosts.AllowedHostsFilter

2024-07-06 13:34:05,769 [INFO] from play.api.Play in play-dev-mode-pekko.actor.default-dispatcher-723 - Application started (Dev) (no global state)
2024-07-06 13:35:55,157 [INFO] from play.api.db.HikariCPConnectionPool in application-pekko.actor.internal-dispatcher-4 - Shutting down connection pool.
2024-07-06 13:35:55,214 [INFO] from play.api.http.HttpErrorHandlerExceptions in play-dev-mode-pekko.actor.default-dispatcher-723 - Registering exception handler: guice-provision-exception-handler
2024-07-06 13:35:55,263 [INFO] from play.api.db.DefaultDBApi in play-dev-mode-pekko.actor.default-dispatcher-723 - Database [default] initialized
2024-07-06 13:35:55,264 [INFO] from play.api.db.HikariCPConnectionPool in play-dev-mode-pekko.actor.default-dispatcher-723 - Creating Pool for datasource 'default'
2024-07-06 13:35:55,264 [WARN] from com.zaxxer.hikari.util.DriverDataSource in play-dev-mode-pekko.actor.default-dispatcher-723 - Registered driver with driverClassName=com.mysql.jdbc.Driver was not found, trying direct instantiation.
2024-07-06 13:35:55,348 [INFO] from play.api.http.EnabledFilters in play-dev-mode-pekko.actor.default-dispatcher-723 - Enabled Filters (see <https://www.playframework.com/documentation/latest/Filters>):

    play.filters.headers.SecurityHeadersFilter
    play.filters.hosts.AllowedHostsFilter

2024-07-06 13:35:55,351 [INFO] from play.api.Play in play-dev-mode-pekko.actor.default-dispatcher-723 - Application started (Dev) (no global state)
2024-07-06 13:36:06,818 [INFO] from play.api.db.HikariCPConnectionPool in application-pekko.actor.internal-dispatcher-3 - Shutting down connection pool.
2024-07-06 13:36:06,895 [INFO] from play.api.http.HttpErrorHandlerExceptions in play-dev-mode-pekko.actor.default-dispatcher-495 - Registering exception handler: guice-provision-exception-handler
2024-07-06 13:36:06,949 [INFO] from play.api.db.DefaultDBApi in play-dev-mode-pekko.actor.default-dispatcher-495 - Database [default] initialized
2024-07-06 13:36:06,949 [INFO] from play.api.db.HikariCPConnectionPool in play-dev-mode-pekko.actor.default-dispatcher-495 - Creating Pool for datasource 'default'
2024-07-06 13:36:06,949 [WARN] from com.zaxxer.hikari.util.DriverDataSource in play-dev-mode-pekko.actor.default-dispatcher-495 - Registered driver with driverClassName=com.mysql.jdbc.Driver was not found, trying direct instantiation.
2024-07-06 13:36:07,017 [INFO] from play.api.http.EnabledFilters in play-dev-mode-pekko.actor.default-dispatcher-495 - Enabled Filters (see <https://www.playframework.com/documentation/latest/Filters>):

    play.filters.headers.SecurityHeadersFilter
    play.filters.hosts.AllowedHostsFilter

2024-07-06 13:36:07,022 [INFO] from play.api.Play in play-dev-mode-pekko.actor.default-dispatcher-495 - Application started (Dev) (no global state)
2024-07-06 13:36:53,959 [INFO] from play.api.db.HikariCPConnectionPool in application-pekko.actor.internal-dispatcher-4 - Shutting down connection pool.
2024-07-06 13:36:54,050 [INFO] from play.api.http.HttpErrorHandlerExceptions in play-dev-mode-pekko.actor.default-dispatcher-495 - Registering exception handler: guice-provision-exception-handler
2024-07-06 13:36:54,121 [INFO] from play.api.db.DefaultDBApi in play-dev-mode-pekko.actor.default-dispatcher-495 - Database [default] initialized
2024-07-06 13:36:54,127 [INFO] from play.api.db.HikariCPConnectionPool in play-dev-mode-pekko.actor.default-dispatcher-495 - Creating Pool for datasource 'default'
2024-07-06 13:36:54,128 [WARN] from com.zaxxer.hikari.util.DriverDataSource in play-dev-mode-pekko.actor.default-dispatcher-495 - Registered driver with driverClassName=com.mysql.jdbc.Driver was not found, trying direct instantiation.
2024-07-06 13:36:54,187 [INFO] from play.api.http.EnabledFilters in play-dev-mode-pekko.actor.default-dispatcher-495 - Enabled Filters (see <https://www.playframework.com/documentation/latest/Filters>):

    play.filters.headers.SecurityHeadersFilter
    play.filters.hosts.AllowedHostsFilter

2024-07-06 13:36:54,193 [INFO] from play.api.Play in play-dev-mode-pekko.actor.default-dispatcher-495 - Application started (Dev) (no global state)
2024-07-06 13:43:53,580 [INFO] from play.api.db.HikariCPConnectionPool in application-pekko.actor.internal-dispatcher-12 - Shutting down connection pool.
2024-07-06 13:43:53,654 [INFO] from play.api.http.HttpErrorHandlerExceptions in play-dev-mode-pekko.actor.default-dispatcher-497 - Registering exception handler: guice-provision-exception-handler
2024-07-06 13:43:53,712 [INFO] from play.api.db.DefaultDBApi in play-dev-mode-pekko.actor.default-dispatcher-497 - Database [default] initialized
2024-07-06 13:43:53,712 [INFO] from play.api.db.HikariCPConnectionPool in play-dev-mode-pekko.actor.default-dispatcher-497 - Creating Pool for datasource 'default'
2024-07-06 13:43:53,712 [WARN] from com.zaxxer.hikari.util.DriverDataSource in play-dev-mode-pekko.actor.default-dispatcher-497 - Registered driver with driverClassName=com.mysql.jdbc.Driver was not found, trying direct instantiation.
2024-07-06 13:43:53,770 [INFO] from play.api.http.EnabledFilters in play-dev-mode-pekko.actor.default-dispatcher-497 - Enabled Filters (see <https://www.playframework.com/documentation/latest/Filters>):

    play.filters.headers.SecurityHeadersFilter
    play.filters.hosts.AllowedHostsFilter

2024-07-06 13:43:53,774 [INFO] from play.api.Play in play-dev-mode-pekko.actor.default-dispatcher-497 - Application started (Dev) (no global state)
2024-07-06 13:44:17,328 [INFO] from play.api.db.HikariCPConnectionPool in application-pekko.actor.internal-dispatcher-2 - Shutting down connection pool.
2024-07-06 13:44:17,399 [INFO] from play.api.http.HttpErrorHandlerExceptions in play-dev-mode-pekko.actor.default-dispatcher-828 - Registering exception handler: guice-provision-exception-handler
2024-07-06 13:44:17,457 [INFO] from play.api.db.DefaultDBApi in play-dev-mode-pekko.actor.default-dispatcher-828 - Database [default] initialized
2024-07-06 13:44:17,457 [INFO] from play.api.db.HikariCPConnectionPool in play-dev-mode-pekko.actor.default-dispatcher-828 - Creating Pool for datasource 'default'
2024-07-06 13:44:17,458 [WARN] from com.zaxxer.hikari.util.DriverDataSource in play-dev-mode-pekko.actor.default-dispatcher-828 - Registered driver with driverClassName=com.mysql.jdbc.Driver was not found, trying direct instantiation.
2024-07-06 13:44:17,533 [INFO] from play.api.http.EnabledFilters in play-dev-mode-pekko.actor.default-dispatcher-828 - Enabled Filters (see <https://www.playframework.com/documentation/latest/Filters>):

    play.filters.headers.SecurityHeadersFilter
    play.filters.hosts.AllowedHostsFilter

2024-07-06 13:44:17,540 [INFO] from play.api.Play in play-dev-mode-pekko.actor.default-dispatcher-828 - Application started (Dev) (no global state)
2024-07-06 13:50:39,102 [INFO] from play.api.db.HikariCPConnectionPool in application-pekko.actor.internal-dispatcher-13 - Shutting down connection pool.
2024-07-06 13:50:39,154 [INFO] from play.api.http.HttpErrorHandlerExceptions in play-dev-mode-pekko.actor.default-dispatcher-496 - Registering exception handler: guice-provision-exception-handler
2024-07-06 13:50:39,211 [INFO] from play.api.db.DefaultDBApi in play-dev-mode-pekko.actor.default-dispatcher-496 - Database [default] initialized
2024-07-06 13:50:39,211 [INFO] from play.api.db.HikariCPConnectionPool in play-dev-mode-pekko.actor.default-dispatcher-496 - Creating Pool for datasource 'default'
2024-07-06 13:50:39,211 [WARN] from com.zaxxer.hikari.util.DriverDataSource in play-dev-mode-pekko.actor.default-dispatcher-496 - Registered driver with driverClassName=com.mysql.jdbc.Driver was not found, trying direct instantiation.
2024-07-06 13:50:39,268 [INFO] from play.api.http.EnabledFilters in play-dev-mode-pekko.actor.default-dispatcher-496 - Enabled Filters (see <https://www.playframework.com/documentation/latest/Filters>):

    play.filters.headers.SecurityHeadersFilter
    play.filters.hosts.AllowedHostsFilter

2024-07-06 13:50:39,272 [INFO] from play.api.Play in play-dev-mode-pekko.actor.default-dispatcher-496 - Application started (Dev) (no global state)
2024-07-06 13:53:28,598 [INFO] from play.api.db.HikariCPConnectionPool in application-pekko.actor.internal-dispatcher-12 - Shutting down connection pool.
2024-07-06 13:53:28,664 [INFO] from play.api.http.HttpErrorHandlerExceptions in play-dev-mode-pekko.actor.default-dispatcher-869 - Registering exception handler: guice-provision-exception-handler
2024-07-06 13:53:28,727 [INFO] from play.api.db.DefaultDBApi in play-dev-mode-pekko.actor.default-dispatcher-869 - Database [default] initialized
2024-07-06 13:53:28,727 [INFO] from play.api.db.HikariCPConnectionPool in play-dev-mode-pekko.actor.default-dispatcher-869 - Creating Pool for datasource 'default'
2024-07-06 13:53:28,727 [WARN] from com.zaxxer.hikari.util.DriverDataSource in play-dev-mode-pekko.actor.default-dispatcher-869 - Registered driver with driverClassName=com.mysql.jdbc.Driver was not found, trying direct instantiation.
2024-07-06 13:53:28,800 [INFO] from play.api.http.EnabledFilters in play-dev-mode-pekko.actor.default-dispatcher-869 - Enabled Filters (see <https://www.playframework.com/documentation/latest/Filters>):

    play.filters.headers.SecurityHeadersFilter
    play.filters.hosts.AllowedHostsFilter

2024-07-06 13:53:28,804 [INFO] from play.api.Play in play-dev-mode-pekko.actor.default-dispatcher-869 - Application started (Dev) (no global state)
2024-07-06 13:54:18,999 [INFO] from play.api.db.HikariCPConnectionPool in application-pekko.actor.internal-dispatcher-2 - Shutting down connection pool.
2024-07-06 13:54:19,060 [INFO] from play.api.http.HttpErrorHandlerExceptions in play-dev-mode-pekko.actor.default-dispatcher-866 - Registering exception handler: guice-provision-exception-handler
2024-07-06 13:54:19,121 [INFO] from play.api.db.DefaultDBApi in play-dev-mode-pekko.actor.default-dispatcher-866 - Database [default] initialized
2024-07-06 13:54:19,121 [INFO] from play.api.db.HikariCPConnectionPool in play-dev-mode-pekko.actor.default-dispatcher-866 - Creating Pool for datasource 'default'
2024-07-06 13:54:19,121 [WARN] from com.zaxxer.hikari.util.DriverDataSource in play-dev-mode-pekko.actor.default-dispatcher-866 - Registered driver with driverClassName=com.mysql.jdbc.Driver was not found, trying direct instantiation.
2024-07-06 13:54:19,183 [INFO] from play.api.http.EnabledFilters in play-dev-mode-pekko.actor.default-dispatcher-866 - Enabled Filters (see <https://www.playframework.com/documentation/latest/Filters>):

    play.filters.headers.SecurityHeadersFilter
    play.filters.hosts.AllowedHostsFilter

2024-07-06 13:54:19,187 [INFO] from play.api.Play in play-dev-mode-pekko.actor.default-dispatcher-866 - Application started (Dev) (no global state)
2024-07-06 13:57:56,870 [INFO] from play.api.db.HikariCPConnectionPool in application-pekko.actor.internal-dispatcher-14 - Shutting down connection pool.
2024-07-06 13:57:56,945 [INFO] from play.api.http.HttpErrorHandlerExceptions in play-dev-mode-pekko.actor.default-dispatcher-869 - Registering exception handler: guice-provision-exception-handler
2024-07-06 13:57:56,995 [INFO] from play.api.db.DefaultDBApi in play-dev-mode-pekko.actor.default-dispatcher-869 - Database [default] initialized
2024-07-06 13:57:56,995 [INFO] from play.api.db.HikariCPConnectionPool in play-dev-mode-pekko.actor.default-dispatcher-869 - Creating Pool for datasource 'default'
2024-07-06 13:57:56,996 [WARN] from com.zaxxer.hikari.util.DriverDataSource in play-dev-mode-pekko.actor.default-dispatcher-869 - Registered driver with driverClassName=com.mysql.jdbc.Driver was not found, trying direct instantiation.
2024-07-06 13:57:57,051 [INFO] from play.api.http.EnabledFilters in play-dev-mode-pekko.actor.default-dispatcher-869 - Enabled Filters (see <https://www.playframework.com/documentation/latest/Filters>):

    play.filters.headers.SecurityHeadersFilter
    play.filters.hosts.AllowedHostsFilter

2024-07-06 13:57:57,054 [INFO] from play.api.Play in play-dev-mode-pekko.actor.default-dispatcher-869 - Application started (Dev) (no global state)
2024-07-06 13:59:42,639 [INFO] from play.api.db.HikariCPConnectionPool in application-pekko.actor.internal-dispatcher-5 - Shutting down connection pool.
2024-07-06 13:59:42,700 [INFO] from play.api.http.HttpErrorHandlerExceptions in play-dev-mode-pekko.actor.default-dispatcher-496 - Registering exception handler: guice-provision-exception-handler
2024-07-06 13:59:42,741 [INFO] from play.api.db.DefaultDBApi in play-dev-mode-pekko.actor.default-dispatcher-496 - Database [default] initialized
2024-07-06 13:59:42,741 [INFO] from play.api.db.HikariCPConnectionPool in play-dev-mode-pekko.actor.default-dispatcher-496 - Creating Pool for datasource 'default'
2024-07-06 13:59:42,741 [WARN] from com.zaxxer.hikari.util.DriverDataSource in play-dev-mode-pekko.actor.default-dispatcher-496 - Registered driver with driverClassName=com.mysql.jdbc.Driver was not found, trying direct instantiation.
2024-07-06 13:59:42,798 [INFO] from play.api.http.EnabledFilters in play-dev-mode-pekko.actor.default-dispatcher-496 - Enabled Filters (see <https://www.playframework.com/documentation/latest/Filters>):

    play.filters.headers.SecurityHeadersFilter
    play.filters.hosts.AllowedHostsFilter

2024-07-06 13:59:42,802 [INFO] from play.api.Play in play-dev-mode-pekko.actor.default-dispatcher-496 - Application started (Dev) (no global state)
